The system is: Darwin - 20.3.0 - x86_64
Compiling the CXX compiler identification source file "CMakeCXXCompilerId.cpp" succeeded.
Compiler: /Library/Developer/CommandLineTools/usr/bin/c++ 
Build flags: 
Id flags: -c 

The output was:
0


Compilation of the CXX compiler identification source "CMakeCXXCompilerId.cpp" produced "CMakeCXXCompilerId.o"

The CXX compiler identification is AppleClang, found in "/Users/centerco/PycharmProjects/sovrn/xgboost_orig/jvm-packages/CMakeFiles/3.24.1/CompilerIdCXX/CMakeCXXCompilerId.o"

Compiling the C compiler identification source file "CMakeCCompilerId.c" succeeded.
Compiler: /Library/Developer/CommandLineTools/usr/bin/cc 
Build flags: 
Id flags: -c 

The output was:
0


Compilation of the C compiler identification source "CMakeCCompilerId.c" produced "CMakeCCompilerId.o"

The C compiler identification is AppleClang, found in "/Users/centerco/PycharmProjects/sovrn/xgboost_orig/jvm-packages/CMakeFiles/3.24.1/CompilerIdC/CMakeCCompilerId.o"

Detecting CXX compiler ABI info compiled with the following output:
Change Dir: /Users/centerco/PycharmProjects/sovrn/xgboost_orig/jvm-packages/CMakeFiles/CMakeTmp

Run Build Command(s):/usr/bin/make -f Makefile cmTC_f210f/fast && /Library/Developer/CommandLineTools/usr/bin/make  -f CMakeFiles/cmTC_f210f.dir/build.make CMakeFiles/cmTC_f210f.dir/build
Building CXX object CMakeFiles/cmTC_f210f.dir/CMakeCXXCompilerABI.cpp.o
/Library/Developer/CommandLineTools/usr/bin/c++   -isysroot /Library/Developer/CommandLineTools/SDKs/MacOSX11.1.sdk   -v -Wl,-v -MD -MT CMakeFiles/cmTC_f210f.dir/CMakeCXXCompilerABI.cpp.o -MF CMakeFiles/cmTC_f210f.dir/CMakeCXXCompilerABI.cpp.o.d -o CMakeFiles/cmTC_f210f.dir/CMakeCXXCompilerABI.cpp.o -c /usr/local/Cellar/cmake/3.24.1/share/cmake/Modules/CMakeCXXCompilerABI.cpp
Apple clang version 12.0.0 (clang-1200.0.32.29)
Target: x86_64-apple-darwin20.3.0
Thread model: posix
InstalledDir: /Library/Developer/CommandLineTools/usr/bin
clang: warning: -Wl,-v: 'linker' input unused [-Wunused-command-line-argument]
ignoring nonexistent directory "/Library/Developer/CommandLineTools/SDKs/MacOSX11.1.sdk/usr/include/c++/v1"
 "/Library/Developer/CommandLineTools/usr/bin/clang" -cc1 -triple x86_64-apple-macosx11.0.0 -Wdeprecated-objc-isa-usage -Werror=deprecated-objc-isa-usage -Werror=implicit-function-declaration -emit-obj -mrelax-all -disable-free -disable-llvm-verifier -discard-value-names -main-file-name CMakeCXXCompilerABI.cpp -mrelocation-model pic -pic-level 2 -mthread-model posix -mframe-pointer=all -fno-strict-return -masm-verbose -munwind-tables -target-sdk-version=11.1 -target-cpu penryn -dwarf-column-info -debugger-tuning=lldb -target-linker-version 609.8 -v -resource-dir /Library/Developer/CommandLineTools/usr/lib/clang/12.0.0 -dependency-file CMakeFiles/cmTC_f210f.dir/CMakeCXXCompilerABI.cpp.o.d -skip-unused-modulemap-deps -MT CMakeFiles/cmTC_f210f.dir/CMakeCXXCompilerABI.cpp.o -sys-header-deps -isysroot /Library/Developer/CommandLineTools/SDKs/MacOSX11.1.sdk -stdlib=libc++ -internal-isystem /Library/Developer/CommandLineTools/usr/bin/../include/c++/v1 -internal-isystem /Library/Developer/CommandLineTools/SDKs/MacOSX11.1.sdk/usr/local/include -internal-isystem /Library/Developer/CommandLineTools/usr/lib/clang/12.0.0/include -internal-externc-isystem /Library/Developer/CommandLineTools/SDKs/MacOSX11.1.sdk/usr/include -internal-externc-isystem /Library/Developer/CommandLineTools/usr/include -Wno-reorder-init-list -Wno-implicit-int-float-conversion -Wno-c99-designator -Wno-final-dtor-non-final-class -Wno-extra-semi-stmt -Wno-misleading-indentation -Wno-quoted-include-in-framework-header -Wno-implicit-fallthrough -Wno-enum-enum-conversion -Wno-enum-float-conversion -fdeprecated-macro -fdebug-compilation-dir /Users/centerco/PycharmProjects/sovrn/xgboost_orig/jvm-packages/CMakeFiles/CMakeTmp -ferror-limit 19 -fmessage-length 0 -stack-protector 1 -fstack-check -mdarwin-stkchk-strong-link -fblocks -fencode-extended-block-signature -fregister-global-dtors-with-atexit -fgnuc-version=4.2.1 -fobjc-runtime=macosx-11.0.0 -fcxx-exceptions -fexceptions -fmax-type-align=16 -fdiagnostics-show-option -o CMakeFiles/cmTC_f210f.dir/CMakeCXXCompilerABI.cpp.o -x c++ /usr/local/Cellar/cmake/3.24.1/share/cmake/Modules/CMakeCXXCompilerABI.cpp
clang -cc1 version 12.0.0 (clang-1200.0.32.29) default target x86_64-apple-darwin20.3.0
ignoring nonexistent directory "/Library/Developer/CommandLineTools/SDKs/MacOSX11.1.sdk/usr/local/include"
ignoring nonexistent directory "/Library/Developer/CommandLineTools/SDKs/MacOSX11.1.sdk/Library/Frameworks"
#include "..." search starts here:
#include <...> search starts here:
 /Library/Developer/CommandLineTools/usr/bin/../include/c++/v1
 /Library/Developer/CommandLineTools/usr/lib/clang/12.0.0/include
 /Library/Developer/CommandLineTools/SDKs/MacOSX11.1.sdk/usr/include
 /Library/Developer/CommandLineTools/usr/include
 /Library/Developer/CommandLineTools/SDKs/MacOSX11.1.sdk/System/Library/Frameworks (framework directory)
End of search list.
Linking CXX executable cmTC_f210f
/usr/local/Cellar/cmake/3.24.1/bin/cmake -E cmake_link_script CMakeFiles/cmTC_f210f.dir/link.txt --verbose=1
/Library/Developer/CommandLineTools/usr/bin/c++  -isysroot /Library/Developer/CommandLineTools/SDKs/MacOSX11.1.sdk -Wl,-search_paths_first -Wl,-headerpad_max_install_names  -v -Wl,-v CMakeFiles/cmTC_f210f.dir/CMakeCXXCompilerABI.cpp.o -o cmTC_f210f 
Apple clang version 12.0.0 (clang-1200.0.32.29)
Target: x86_64-apple-darwin20.3.0
Thread model: posix
InstalledDir: /Library/Developer/CommandLineTools/usr/bin
 "/Library/Developer/CommandLineTools/usr/bin/ld" -demangle -lto_library /Library/Developer/CommandLineTools/usr/lib/libLTO.dylib -dynamic -arch x86_64 -platform_version macos 11.0.0 11.1 -syslibroot /Library/Developer/CommandLineTools/SDKs/MacOSX11.1.sdk -o cmTC_f210f -search_paths_first -headerpad_max_install_names -v CMakeFiles/cmTC_f210f.dir/CMakeCXXCompilerABI.cpp.o -lc++ -lSystem /Library/Developer/CommandLineTools/usr/lib/clang/12.0.0/lib/darwin/libclang_rt.osx.a
@(#)PROGRAM:ld  PROJECT:ld64-609.8
BUILD 15:07:46 Dec 18 2020
configured to support archs: armv6 armv7 armv7s arm64 arm64e arm64_32 i386 x86_64 x86_64h armv6m armv7k armv7m armv7em
Library search paths:
	/Library/Developer/CommandLineTools/SDKs/MacOSX11.1.sdk/usr/lib
Framework search paths:
	/Library/Developer/CommandLineTools/SDKs/MacOSX11.1.sdk/System/Library/Frameworks/



Parsed CXX implicit include dir info from above output: rv=done
  found start of include info
  found start of implicit include info
    add: [/Library/Developer/CommandLineTools/usr/bin/../include/c++/v1]
    add: [/Library/Developer/CommandLineTools/usr/lib/clang/12.0.0/include]
    add: [/Library/Developer/CommandLineTools/SDKs/MacOSX11.1.sdk/usr/include]
    add: [/Library/Developer/CommandLineTools/usr/include]
  end of search list found
  collapse include dir [/Library/Developer/CommandLineTools/usr/bin/../include/c++/v1] ==> [/Library/Developer/CommandLineTools/usr/include/c++/v1]
  collapse include dir [/Library/Developer/CommandLineTools/usr/lib/clang/12.0.0/include] ==> [/Library/Developer/CommandLineTools/usr/lib/clang/12.0.0/include]
  collapse include dir [/Library/Developer/CommandLineTools/SDKs/MacOSX11.1.sdk/usr/include] ==> [/Library/Developer/CommandLineTools/SDKs/MacOSX11.1.sdk/usr/include]
  collapse include dir [/Library/Developer/CommandLineTools/usr/include] ==> [/Library/Developer/CommandLineTools/usr/include]
  implicit include dirs: [/Library/Developer/CommandLineTools/usr/include/c++/v1;/Library/Developer/CommandLineTools/usr/lib/clang/12.0.0/include;/Library/Developer/CommandLineTools/SDKs/MacOSX11.1.sdk/usr/include;/Library/Developer/CommandLineTools/usr/include]


Parsed CXX implicit link information from above output:
  link line regex: [^( *|.*[/\])(ld|CMAKE_LINK_STARTFILE-NOTFOUND|([^/\]+-)?ld|collect2)[^/\]*( |$)]
  ignore line: [Change Dir: /Users/centerco/PycharmProjects/sovrn/xgboost_orig/jvm-packages/CMakeFiles/CMakeTmp]
  ignore line: []
  ignore line: [Run Build Command(s):/usr/bin/make -f Makefile cmTC_f210f/fast && /Library/Developer/CommandLineTools/usr/bin/make  -f CMakeFiles/cmTC_f210f.dir/build.make CMakeFiles/cmTC_f210f.dir/build]
  ignore line: [Building CXX object CMakeFiles/cmTC_f210f.dir/CMakeCXXCompilerABI.cpp.o]
  ignore line: [/Library/Developer/CommandLineTools/usr/bin/c++   -isysroot /Library/Developer/CommandLineTools/SDKs/MacOSX11.1.sdk   -v -Wl -v -MD -MT CMakeFiles/cmTC_f210f.dir/CMakeCXXCompilerABI.cpp.o -MF CMakeFiles/cmTC_f210f.dir/CMakeCXXCompilerABI.cpp.o.d -o CMakeFiles/cmTC_f210f.dir/CMakeCXXCompilerABI.cpp.o -c /usr/local/Cellar/cmake/3.24.1/share/cmake/Modules/CMakeCXXCompilerABI.cpp]
  ignore line: [Apple clang version 12.0.0 (clang-1200.0.32.29)]
  ignore line: [Target: x86_64-apple-darwin20.3.0]
  ignore line: [Thread model: posix]
  ignore line: [InstalledDir: /Library/Developer/CommandLineTools/usr/bin]
  ignore line: [clang: warning: -Wl -v: 'linker' input unused [-Wunused-command-line-argument]]
  ignore line: [ignoring nonexistent directory "/Library/Developer/CommandLineTools/SDKs/MacOSX11.1.sdk/usr/include/c++/v1"]
  ignore line: [ "/Library/Developer/CommandLineTools/usr/bin/clang" -cc1 -triple x86_64-apple-macosx11.0.0 -Wdeprecated-objc-isa-usage -Werror=deprecated-objc-isa-usage -Werror=implicit-function-declaration -emit-obj -mrelax-all -disable-free -disable-llvm-verifier -discard-value-names -main-file-name CMakeCXXCompilerABI.cpp -mrelocation-model pic -pic-level 2 -mthread-model posix -mframe-pointer=all -fno-strict-return -masm-verbose -munwind-tables -target-sdk-version=11.1 -target-cpu penryn -dwarf-column-info -debugger-tuning=lldb -target-linker-version 609.8 -v -resource-dir /Library/Developer/CommandLineTools/usr/lib/clang/12.0.0 -dependency-file CMakeFiles/cmTC_f210f.dir/CMakeCXXCompilerABI.cpp.o.d -skip-unused-modulemap-deps -MT CMakeFiles/cmTC_f210f.dir/CMakeCXXCompilerABI.cpp.o -sys-header-deps -isysroot /Library/Developer/CommandLineTools/SDKs/MacOSX11.1.sdk -stdlib=libc++ -internal-isystem /Library/Developer/CommandLineTools/usr/bin/../include/c++/v1 -internal-isystem /Library/Developer/CommandLineTools/SDKs/MacOSX11.1.sdk/usr/local/include -internal-isystem /Library/Developer/CommandLineTools/usr/lib/clang/12.0.0/include -internal-externc-isystem /Library/Developer/CommandLineTools/SDKs/MacOSX11.1.sdk/usr/include -internal-externc-isystem /Library/Developer/CommandLineTools/usr/include -Wno-reorder-init-list -Wno-implicit-int-float-conversion -Wno-c99-designator -Wno-final-dtor-non-final-class -Wno-extra-semi-stmt -Wno-misleading-indentation -Wno-quoted-include-in-framework-header -Wno-implicit-fallthrough -Wno-enum-enum-conversion -Wno-enum-float-conversion -fdeprecated-macro -fdebug-compilation-dir /Users/centerco/PycharmProjects/sovrn/xgboost_orig/jvm-packages/CMakeFiles/CMakeTmp -ferror-limit 19 -fmessage-length 0 -stack-protector 1 -fstack-check -mdarwin-stkchk-strong-link -fblocks -fencode-extended-block-signature -fregister-global-dtors-with-atexit -fgnuc-version=4.2.1 -fobjc-runtime=macosx-11.0.0 -fcxx-exceptions -fexceptions -fmax-type-align=16 -fdiagnostics-show-option -o CMakeFiles/cmTC_f210f.dir/CMakeCXXCompilerABI.cpp.o -x c++ /usr/local/Cellar/cmake/3.24.1/share/cmake/Modules/CMakeCXXCompilerABI.cpp]
  ignore line: [clang -cc1 version 12.0.0 (clang-1200.0.32.29) default target x86_64-apple-darwin20.3.0]
  ignore line: [ignoring nonexistent directory "/Library/Developer/CommandLineTools/SDKs/MacOSX11.1.sdk/usr/local/include"]
  ignore line: [ignoring nonexistent directory "/Library/Developer/CommandLineTools/SDKs/MacOSX11.1.sdk/Library/Frameworks"]
  ignore line: [#include "..." search starts here:]
  ignore line: [#include <...> search starts here:]
  ignore line: [ /Library/Developer/CommandLineTools/usr/bin/../include/c++/v1]
  ignore line: [ /Library/Developer/CommandLineTools/usr/lib/clang/12.0.0/include]
  ignore line: [ /Library/Developer/CommandLineTools/SDKs/MacOSX11.1.sdk/usr/include]
  ignore line: [ /Library/Developer/CommandLineTools/usr/include]
  ignore line: [ /Library/Developer/CommandLineTools/SDKs/MacOSX11.1.sdk/System/Library/Frameworks (framework directory)]
  ignore line: [End of search list.]
  ignore line: [Linking CXX executable cmTC_f210f]
  ignore line: [/usr/local/Cellar/cmake/3.24.1/bin/cmake -E cmake_link_script CMakeFiles/cmTC_f210f.dir/link.txt --verbose=1]
  ignore line: [/Library/Developer/CommandLineTools/usr/bin/c++  -isysroot /Library/Developer/CommandLineTools/SDKs/MacOSX11.1.sdk -Wl -search_paths_first -Wl -headerpad_max_install_names  -v -Wl -v CMakeFiles/cmTC_f210f.dir/CMakeCXXCompilerABI.cpp.o -o cmTC_f210f ]
  ignore line: [Apple clang version 12.0.0 (clang-1200.0.32.29)]
  ignore line: [Target: x86_64-apple-darwin20.3.0]
  ignore line: [Thread model: posix]
  ignore line: [InstalledDir: /Library/Developer/CommandLineTools/usr/bin]
  link line: [ "/Library/Developer/CommandLineTools/usr/bin/ld" -demangle -lto_library /Library/Developer/CommandLineTools/usr/lib/libLTO.dylib -dynamic -arch x86_64 -platform_version macos 11.0.0 11.1 -syslibroot /Library/Developer/CommandLineTools/SDKs/MacOSX11.1.sdk -o cmTC_f210f -search_paths_first -headerpad_max_install_names -v CMakeFiles/cmTC_f210f.dir/CMakeCXXCompilerABI.cpp.o -lc++ -lSystem /Library/Developer/CommandLineTools/usr/lib/clang/12.0.0/lib/darwin/libclang_rt.osx.a]
    arg [/Library/Developer/CommandLineTools/usr/bin/ld] ==> ignore
    arg [-demangle] ==> ignore
    arg [-lto_library] ==> ignore, skip following value
    arg [/Library/Developer/CommandLineTools/usr/lib/libLTO.dylib] ==> skip value of -lto_library
    arg [-dynamic] ==> ignore
    arg [-arch] ==> ignore
    arg [x86_64] ==> ignore
    arg [-platform_version] ==> ignore
    arg [macos] ==> ignore
    arg [11.0.0] ==> ignore
    arg [11.1] ==> ignore
    arg [-syslibroot] ==> ignore
    arg [/Library/Developer/CommandLineTools/SDKs/MacOSX11.1.sdk] ==> ignore
    arg [-o] ==> ignore
    arg [cmTC_f210f] ==> ignore
    arg [-search_paths_first] ==> ignore
    arg [-headerpad_max_install_names] ==> ignore
    arg [-v] ==> ignore
    arg [CMakeFiles/cmTC_f210f.dir/CMakeCXXCompilerABI.cpp.o] ==> ignore
    arg [-lc++] ==> lib [c++]
    arg [-lSystem] ==> lib [System]
    arg [/Library/Developer/CommandLineTools/usr/lib/clang/12.0.0/lib/darwin/libclang_rt.osx.a] ==> lib [/Library/Developer/CommandLineTools/usr/lib/clang/12.0.0/lib/darwin/libclang_rt.osx.a]
  Library search paths: [;/Library/Developer/CommandLineTools/SDKs/MacOSX11.1.sdk/usr/lib]
  Framework search paths: [;/Library/Developer/CommandLineTools/SDKs/MacOSX11.1.sdk/System/Library/Frameworks/]
  remove lib [System]
  remove lib [/Library/Developer/CommandLineTools/usr/lib/clang/12.0.0/lib/darwin/libclang_rt.osx.a]
  collapse library dir [/Library/Developer/CommandLineTools/SDKs/MacOSX11.1.sdk/usr/lib] ==> [/Library/Developer/CommandLineTools/SDKs/MacOSX11.1.sdk/usr/lib]
  collapse framework dir [/Library/Developer/CommandLineTools/SDKs/MacOSX11.1.sdk/System/Library/Frameworks/] ==> [/Library/Developer/CommandLineTools/SDKs/MacOSX11.1.sdk/System/Library/Frameworks]
  implicit libs: [c++]
  implicit objs: []
  implicit dirs: [/Library/Developer/CommandLineTools/SDKs/MacOSX11.1.sdk/usr/lib]
  implicit fwks: [/Library/Developer/CommandLineTools/SDKs/MacOSX11.1.sdk/System/Library/Frameworks]


Detecting C compiler ABI info compiled with the following output:
Change Dir: /Users/centerco/PycharmProjects/sovrn/xgboost_orig/jvm-packages/CMakeFiles/CMakeTmp

Run Build Command(s):/usr/bin/make -f Makefile cmTC_4c233/fast && /Library/Developer/CommandLineTools/usr/bin/make  -f CMakeFiles/cmTC_4c233.dir/build.make CMakeFiles/cmTC_4c233.dir/build
Building C object CMakeFiles/cmTC_4c233.dir/CMakeCCompilerABI.c.o
/Library/Developer/CommandLineTools/usr/bin/cc   -isysroot /Library/Developer/CommandLineTools/SDKs/MacOSX11.1.sdk   -v -Wl,-v -MD -MT CMakeFiles/cmTC_4c233.dir/CMakeCCompilerABI.c.o -MF CMakeFiles/cmTC_4c233.dir/CMakeCCompilerABI.c.o.d -o CMakeFiles/cmTC_4c233.dir/CMakeCCompilerABI.c.o -c /usr/local/Cellar/cmake/3.24.1/share/cmake/Modules/CMakeCCompilerABI.c
Apple clang version 12.0.0 (clang-1200.0.32.29)
Target: x86_64-apple-darwin20.3.0
Thread model: posix
InstalledDir: /Library/Developer/CommandLineTools/usr/bin
clang: warning: -Wl,-v: 'linker' input unused [-Wunused-command-line-argument]
 "/Library/Developer/CommandLineTools/usr/bin/clang" -cc1 -triple x86_64-apple-macosx11.0.0 -Wdeprecated-objc-isa-usage -Werror=deprecated-objc-isa-usage -Werror=implicit-function-declaration -emit-obj -mrelax-all -disable-free -disable-llvm-verifier -discard-value-names -main-file-name CMakeCCompilerABI.c -mrelocation-model pic -pic-level 2 -mthread-model posix -mframe-pointer=all -fno-strict-return -masm-verbose -munwind-tables -target-sdk-version=11.1 -target-cpu penryn -dwarf-column-info -debugger-tuning=lldb -target-linker-version 609.8 -v -resource-dir /Library/Developer/CommandLineTools/usr/lib/clang/12.0.0 -dependency-file CMakeFiles/cmTC_4c233.dir/CMakeCCompilerABI.c.o.d -skip-unused-modulemap-deps -MT CMakeFiles/cmTC_4c233.dir/CMakeCCompilerABI.c.o -sys-header-deps -isysroot /Library/Developer/CommandLineTools/SDKs/MacOSX11.1.sdk -internal-isystem /Library/Developer/CommandLineTools/SDKs/MacOSX11.1.sdk/usr/local/include -internal-isystem /Library/Developer/CommandLineTools/usr/lib/clang/12.0.0/include -internal-externc-isystem /Library/Developer/CommandLineTools/SDKs/MacOSX11.1.sdk/usr/include -internal-externc-isystem /Library/Developer/CommandLineTools/usr/include -Wno-reorder-init-list -Wno-implicit-int-float-conversion -Wno-c99-designator -Wno-final-dtor-non-final-class -Wno-extra-semi-stmt -Wno-misleading-indentation -Wno-quoted-include-in-framework-header -Wno-implicit-fallthrough -Wno-enum-enum-conversion -Wno-enum-float-conversion -fdebug-compilation-dir /Users/centerco/PycharmProjects/sovrn/xgboost_orig/jvm-packages/CMakeFiles/CMakeTmp -ferror-limit 19 -fmessage-length 0 -stack-protector 1 -fstack-check -mdarwin-stkchk-strong-link -fblocks -fencode-extended-block-signature -fregister-global-dtors-with-atexit -fgnuc-version=4.2.1 -fobjc-runtime=macosx-11.0.0 -fmax-type-align=16 -fdiagnostics-show-option -o CMakeFiles/cmTC_4c233.dir/CMakeCCompilerABI.c.o -x c /usr/local/Cellar/cmake/3.24.1/share/cmake/Modules/CMakeCCompilerABI.c
clang -cc1 version 12.0.0 (clang-1200.0.32.29) default target x86_64-apple-darwin20.3.0
ignoring nonexistent directory "/Library/Developer/CommandLineTools/SDKs/MacOSX11.1.sdk/usr/local/include"
ignoring nonexistent directory "/Library/Developer/CommandLineTools/SDKs/MacOSX11.1.sdk/Library/Frameworks"
#include "..." search starts here:
#include <...> search starts here:
 /Library/Developer/CommandLineTools/usr/lib/clang/12.0.0/include
 /Library/Developer/CommandLineTools/SDKs/MacOSX11.1.sdk/usr/include
 /Library/Developer/CommandLineTools/usr/include
 /Library/Developer/CommandLineTools/SDKs/MacOSX11.1.sdk/System/Library/Frameworks (framework directory)
End of search list.
Linking C executable cmTC_4c233
/usr/local/Cellar/cmake/3.24.1/bin/cmake -E cmake_link_script CMakeFiles/cmTC_4c233.dir/link.txt --verbose=1
/Library/Developer/CommandLineTools/usr/bin/cc  -isysroot /Library/Developer/CommandLineTools/SDKs/MacOSX11.1.sdk -Wl,-search_paths_first -Wl,-headerpad_max_install_names  -v -Wl,-v CMakeFiles/cmTC_4c233.dir/CMakeCCompilerABI.c.o -o cmTC_4c233 
Apple clang version 12.0.0 (clang-1200.0.32.29)
Target: x86_64-apple-darwin20.3.0
Thread model: posix
InstalledDir: /Library/Developer/CommandLineTools/usr/bin
 "/Library/Developer/CommandLineTools/usr/bin/ld" -demangle -lto_library /Library/Developer/CommandLineTools/usr/lib/libLTO.dylib -dynamic -arch x86_64 -platform_version macos 11.0.0 11.1 -syslibroot /Library/Developer/CommandLineTools/SDKs/MacOSX11.1.sdk -o cmTC_4c233 -search_paths_first -headerpad_max_install_names -v CMakeFiles/cmTC_4c233.dir/CMakeCCompilerABI.c.o -lSystem /Library/Developer/CommandLineTools/usr/lib/clang/12.0.0/lib/darwin/libclang_rt.osx.a
@(#)PROGRAM:ld  PROJECT:ld64-609.8
BUILD 15:07:46 Dec 18 2020
configured to support archs: armv6 armv7 armv7s arm64 arm64e arm64_32 i386 x86_64 x86_64h armv6m armv7k armv7m armv7em
Library search paths:
	/Library/Developer/CommandLineTools/SDKs/MacOSX11.1.sdk/usr/lib
Framework search paths:
	/Library/Developer/CommandLineTools/SDKs/MacOSX11.1.sdk/System/Library/Frameworks/



Parsed C implicit include dir info from above output: rv=done
  found start of include info
  found start of implicit include info
    add: [/Library/Developer/CommandLineTools/usr/lib/clang/12.0.0/include]
    add: [/Library/Developer/CommandLineTools/SDKs/MacOSX11.1.sdk/usr/include]
    add: [/Library/Developer/CommandLineTools/usr/include]
  end of search list found
  collapse include dir [/Library/Developer/CommandLineTools/usr/lib/clang/12.0.0/include] ==> [/Library/Developer/CommandLineTools/usr/lib/clang/12.0.0/include]
  collapse include dir [/Library/Developer/CommandLineTools/SDKs/MacOSX11.1.sdk/usr/include] ==> [/Library/Developer/CommandLineTools/SDKs/MacOSX11.1.sdk/usr/include]
  collapse include dir [/Library/Developer/CommandLineTools/usr/include] ==> [/Library/Developer/CommandLineTools/usr/include]
  implicit include dirs: [/Library/Developer/CommandLineTools/usr/lib/clang/12.0.0/include;/Library/Developer/CommandLineTools/SDKs/MacOSX11.1.sdk/usr/include;/Library/Developer/CommandLineTools/usr/include]


Parsed C implicit link information from above output:
  link line regex: [^( *|.*[/\])(ld|CMAKE_LINK_STARTFILE-NOTFOUND|([^/\]+-)?ld|collect2)[^/\]*( |$)]
  ignore line: [Change Dir: /Users/centerco/PycharmProjects/sovrn/xgboost_orig/jvm-packages/CMakeFiles/CMakeTmp]
  ignore line: []
  ignore line: [Run Build Command(s):/usr/bin/make -f Makefile cmTC_4c233/fast && /Library/Developer/CommandLineTools/usr/bin/make  -f CMakeFiles/cmTC_4c233.dir/build.make CMakeFiles/cmTC_4c233.dir/build]
  ignore line: [Building C object CMakeFiles/cmTC_4c233.dir/CMakeCCompilerABI.c.o]
  ignore line: [/Library/Developer/CommandLineTools/usr/bin/cc   -isysroot /Library/Developer/CommandLineTools/SDKs/MacOSX11.1.sdk   -v -Wl -v -MD -MT CMakeFiles/cmTC_4c233.dir/CMakeCCompilerABI.c.o -MF CMakeFiles/cmTC_4c233.dir/CMakeCCompilerABI.c.o.d -o CMakeFiles/cmTC_4c233.dir/CMakeCCompilerABI.c.o -c /usr/local/Cellar/cmake/3.24.1/share/cmake/Modules/CMakeCCompilerABI.c]
  ignore line: [Apple clang version 12.0.0 (clang-1200.0.32.29)]
  ignore line: [Target: x86_64-apple-darwin20.3.0]
  ignore line: [Thread model: posix]
  ignore line: [InstalledDir: /Library/Developer/CommandLineTools/usr/bin]
  ignore line: [clang: warning: -Wl -v: 'linker' input unused [-Wunused-command-line-argument]]
  ignore line: [ "/Library/Developer/CommandLineTools/usr/bin/clang" -cc1 -triple x86_64-apple-macosx11.0.0 -Wdeprecated-objc-isa-usage -Werror=deprecated-objc-isa-usage -Werror=implicit-function-declaration -emit-obj -mrelax-all -disable-free -disable-llvm-verifier -discard-value-names -main-file-name CMakeCCompilerABI.c -mrelocation-model pic -pic-level 2 -mthread-model posix -mframe-pointer=all -fno-strict-return -masm-verbose -munwind-tables -target-sdk-version=11.1 -target-cpu penryn -dwarf-column-info -debugger-tuning=lldb -target-linker-version 609.8 -v -resource-dir /Library/Developer/CommandLineTools/usr/lib/clang/12.0.0 -dependency-file CMakeFiles/cmTC_4c233.dir/CMakeCCompilerABI.c.o.d -skip-unused-modulemap-deps -MT CMakeFiles/cmTC_4c233.dir/CMakeCCompilerABI.c.o -sys-header-deps -isysroot /Library/Developer/CommandLineTools/SDKs/MacOSX11.1.sdk -internal-isystem /Library/Developer/CommandLineTools/SDKs/MacOSX11.1.sdk/usr/local/include -internal-isystem /Library/Developer/CommandLineTools/usr/lib/clang/12.0.0/include -internal-externc-isystem /Library/Developer/CommandLineTools/SDKs/MacOSX11.1.sdk/usr/include -internal-externc-isystem /Library/Developer/CommandLineTools/usr/include -Wno-reorder-init-list -Wno-implicit-int-float-conversion -Wno-c99-designator -Wno-final-dtor-non-final-class -Wno-extra-semi-stmt -Wno-misleading-indentation -Wno-quoted-include-in-framework-header -Wno-implicit-fallthrough -Wno-enum-enum-conversion -Wno-enum-float-conversion -fdebug-compilation-dir /Users/centerco/PycharmProjects/sovrn/xgboost_orig/jvm-packages/CMakeFiles/CMakeTmp -ferror-limit 19 -fmessage-length 0 -stack-protector 1 -fstack-check -mdarwin-stkchk-strong-link -fblocks -fencode-extended-block-signature -fregister-global-dtors-with-atexit -fgnuc-version=4.2.1 -fobjc-runtime=macosx-11.0.0 -fmax-type-align=16 -fdiagnostics-show-option -o CMakeFiles/cmTC_4c233.dir/CMakeCCompilerABI.c.o -x c /usr/local/Cellar/cmake/3.24.1/share/cmake/Modules/CMakeCCompilerABI.c]
  ignore line: [clang -cc1 version 12.0.0 (clang-1200.0.32.29) default target x86_64-apple-darwin20.3.0]
  ignore line: [ignoring nonexistent directory "/Library/Developer/CommandLineTools/SDKs/MacOSX11.1.sdk/usr/local/include"]
  ignore line: [ignoring nonexistent directory "/Library/Developer/CommandLineTools/SDKs/MacOSX11.1.sdk/Library/Frameworks"]
  ignore line: [#include "..." search starts here:]
  ignore line: [#include <...> search starts here:]
  ignore line: [ /Library/Developer/CommandLineTools/usr/lib/clang/12.0.0/include]
  ignore line: [ /Library/Developer/CommandLineTools/SDKs/MacOSX11.1.sdk/usr/include]
  ignore line: [ /Library/Developer/CommandLineTools/usr/include]
  ignore line: [ /Library/Developer/CommandLineTools/SDKs/MacOSX11.1.sdk/System/Library/Frameworks (framework directory)]
  ignore line: [End of search list.]
  ignore line: [Linking C executable cmTC_4c233]
  ignore line: [/usr/local/Cellar/cmake/3.24.1/bin/cmake -E cmake_link_script CMakeFiles/cmTC_4c233.dir/link.txt --verbose=1]
  ignore line: [/Library/Developer/CommandLineTools/usr/bin/cc  -isysroot /Library/Developer/CommandLineTools/SDKs/MacOSX11.1.sdk -Wl -search_paths_first -Wl -headerpad_max_install_names  -v -Wl -v CMakeFiles/cmTC_4c233.dir/CMakeCCompilerABI.c.o -o cmTC_4c233 ]
  ignore line: [Apple clang version 12.0.0 (clang-1200.0.32.29)]
  ignore line: [Target: x86_64-apple-darwin20.3.0]
  ignore line: [Thread model: posix]
  ignore line: [InstalledDir: /Library/Developer/CommandLineTools/usr/bin]
  link line: [ "/Library/Developer/CommandLineTools/usr/bin/ld" -demangle -lto_library /Library/Developer/CommandLineTools/usr/lib/libLTO.dylib -dynamic -arch x86_64 -platform_version macos 11.0.0 11.1 -syslibroot /Library/Developer/CommandLineTools/SDKs/MacOSX11.1.sdk -o cmTC_4c233 -search_paths_first -headerpad_max_install_names -v CMakeFiles/cmTC_4c233.dir/CMakeCCompilerABI.c.o -lSystem /Library/Developer/CommandLineTools/usr/lib/clang/12.0.0/lib/darwin/libclang_rt.osx.a]
    arg [/Library/Developer/CommandLineTools/usr/bin/ld] ==> ignore
    arg [-demangle] ==> ignore
    arg [-lto_library] ==> ignore, skip following value
    arg [/Library/Developer/CommandLineTools/usr/lib/libLTO.dylib] ==> skip value of -lto_library
    arg [-dynamic] ==> ignore
    arg [-arch] ==> ignore
    arg [x86_64] ==> ignore
    arg [-platform_version] ==> ignore
    arg [macos] ==> ignore
    arg [11.0.0] ==> ignore
    arg [11.1] ==> ignore
    arg [-syslibroot] ==> ignore
    arg [/Library/Developer/CommandLineTools/SDKs/MacOSX11.1.sdk] ==> ignore
    arg [-o] ==> ignore
    arg [cmTC_4c233] ==> ignore
    arg [-search_paths_first] ==> ignore
    arg [-headerpad_max_install_names] ==> ignore
    arg [-v] ==> ignore
    arg [CMakeFiles/cmTC_4c233.dir/CMakeCCompilerABI.c.o] ==> ignore
    arg [-lSystem] ==> lib [System]
    arg [/Library/Developer/CommandLineTools/usr/lib/clang/12.0.0/lib/darwin/libclang_rt.osx.a] ==> lib [/Library/Developer/CommandLineTools/usr/lib/clang/12.0.0/lib/darwin/libclang_rt.osx.a]
  Library search paths: [;/Library/Developer/CommandLineTools/SDKs/MacOSX11.1.sdk/usr/lib]
  Framework search paths: [;/Library/Developer/CommandLineTools/SDKs/MacOSX11.1.sdk/System/Library/Frameworks/]
  remove lib [System]
  remove lib [/Library/Developer/CommandLineTools/usr/lib/clang/12.0.0/lib/darwin/libclang_rt.osx.a]
  collapse library dir [/Library/Developer/CommandLineTools/SDKs/MacOSX11.1.sdk/usr/lib] ==> [/Library/Developer/CommandLineTools/SDKs/MacOSX11.1.sdk/usr/lib]
  collapse framework dir [/Library/Developer/CommandLineTools/SDKs/MacOSX11.1.sdk/System/Library/Frameworks/] ==> [/Library/Developer/CommandLineTools/SDKs/MacOSX11.1.sdk/System/Library/Frameworks]
  implicit libs: []
  implicit objs: []
  implicit dirs: [/Library/Developer/CommandLineTools/SDKs/MacOSX11.1.sdk/usr/lib]
  implicit fwks: [/Library/Developer/CommandLineTools/SDKs/MacOSX11.1.sdk/System/Library/Frameworks]


Performing C++ SOURCE FILE Test XGBOOST_MM_PREFETCH_PRESENT succeeded with the following output:
Change Dir: /Users/centerco/PycharmProjects/sovrn/xgboost_orig/jvm-packages/CMakeFiles/CMakeTmp

Run Build Command(s):/usr/bin/make -f Makefile cmTC_fa482/fast && /Library/Developer/CommandLineTools/usr/bin/make  -f CMakeFiles/cmTC_fa482.dir/build.make CMakeFiles/cmTC_fa482.dir/build
Building CXX object CMakeFiles/cmTC_fa482.dir/src.cxx.o
/Library/Developer/CommandLineTools/usr/bin/c++ -DXGBOOST_MM_PREFETCH_PRESENT  -isysroot /Library/Developer/CommandLineTools/SDKs/MacOSX11.1.sdk -MD -MT CMakeFiles/cmTC_fa482.dir/src.cxx.o -MF CMakeFiles/cmTC_fa482.dir/src.cxx.o.d -o CMakeFiles/cmTC_fa482.dir/src.cxx.o -c /Users/centerco/PycharmProjects/sovrn/xgboost_orig/jvm-packages/CMakeFiles/CMakeTmp/src.cxx
Linking CXX executable cmTC_fa482
/usr/local/Cellar/cmake/3.24.1/bin/cmake -E cmake_link_script CMakeFiles/cmTC_fa482.dir/link.txt --verbose=1
/Library/Developer/CommandLineTools/usr/bin/c++  -isysroot /Library/Developer/CommandLineTools/SDKs/MacOSX11.1.sdk -Wl,-search_paths_first -Wl,-headerpad_max_install_names CMakeFiles/cmTC_fa482.dir/src.cxx.o -o cmTC_fa482 


Source file was:

  #include <xmmintrin.h>
  int main() {
    char data = 0;
    const char* address = &data;
    _mm_prefetch(address, _MM_HINT_NTA);
    return 0;
  }
  
Performing C++ SOURCE FILE Test XGBOOST_BUILTIN_PREFETCH_PRESENT succeeded with the following output:
Change Dir: /Users/centerco/PycharmProjects/sovrn/xgboost_orig/jvm-packages/CMakeFiles/CMakeTmp

Run Build Command(s):/usr/bin/make -f Makefile cmTC_d5920/fast && /Library/Developer/CommandLineTools/usr/bin/make  -f CMakeFiles/cmTC_d5920.dir/build.make CMakeFiles/cmTC_d5920.dir/build
Building CXX object CMakeFiles/cmTC_d5920.dir/src.cxx.o
/Library/Developer/CommandLineTools/usr/bin/c++ -DXGBOOST_BUILTIN_PREFETCH_PRESENT  -isysroot /Library/Developer/CommandLineTools/SDKs/MacOSX11.1.sdk -MD -MT CMakeFiles/cmTC_d5920.dir/src.cxx.o -MF CMakeFiles/cmTC_d5920.dir/src.cxx.o.d -o CMakeFiles/cmTC_d5920.dir/src.cxx.o -c /Users/centerco/PycharmProjects/sovrn/xgboost_orig/jvm-packages/CMakeFiles/CMakeTmp/src.cxx
Linking CXX executable cmTC_d5920
/usr/local/Cellar/cmake/3.24.1/bin/cmake -E cmake_link_script CMakeFiles/cmTC_d5920.dir/link.txt --verbose=1
/Library/Developer/CommandLineTools/usr/bin/c++  -isysroot /Library/Developer/CommandLineTools/SDKs/MacOSX11.1.sdk -Wl,-search_paths_first -Wl,-headerpad_max_install_names CMakeFiles/cmTC_d5920.dir/src.cxx.o -o cmTC_d5920 


Source file was:

  int main() {
    char data = 0;
    const char* address = &data;
    __builtin_prefetch(address, 0, 0);
    return 0;
  }
  
Performing C SOURCE FILE Test CMAKE_HAVE_LIBC_PTHREAD succeeded with the following output:
Change Dir: /Users/centerco/PycharmProjects/sovrn/xgboost_orig/jvm-packages/CMakeFiles/CMakeTmp

Run Build Command(s):/usr/bin/make -f Makefile cmTC_dc91c/fast && /Library/Developer/CommandLineTools/usr/bin/make  -f CMakeFiles/cmTC_dc91c.dir/build.make CMakeFiles/cmTC_dc91c.dir/build
Building C object CMakeFiles/cmTC_dc91c.dir/src.c.o
/Library/Developer/CommandLineTools/usr/bin/cc -DCMAKE_HAVE_LIBC_PTHREAD  -isysroot /Library/Developer/CommandLineTools/SDKs/MacOSX11.1.sdk -MD -MT CMakeFiles/cmTC_dc91c.dir/src.c.o -MF CMakeFiles/cmTC_dc91c.dir/src.c.o.d -o CMakeFiles/cmTC_dc91c.dir/src.c.o -c /Users/centerco/PycharmProjects/sovrn/xgboost_orig/jvm-packages/CMakeFiles/CMakeTmp/src.c
Linking C executable cmTC_dc91c
/usr/local/Cellar/cmake/3.24.1/bin/cmake -E cmake_link_script CMakeFiles/cmTC_dc91c.dir/link.txt --verbose=1
/Library/Developer/CommandLineTools/usr/bin/cc  -isysroot /Library/Developer/CommandLineTools/SDKs/MacOSX11.1.sdk -Wl,-search_paths_first -Wl,-headerpad_max_install_names CMakeFiles/cmTC_dc91c.dir/src.c.o -o cmTC_dc91c 


Source file was:
#include <pthread.h>

static void* test_func(void* data)
{
  return data;
}

int main(void)
{
  pthread_t thread;
  pthread_create(&thread, NULL, test_func, NULL);
  pthread_detach(thread);
  pthread_cancel(thread);
  pthread_join(thread, NULL);
  pthread_atfork(NULL, NULL, NULL);
  pthread_exit(NULL);

  return 0;
}

Determining if the include file cxxabi.h exists passed with the following output:
Change Dir: /Users/centerco/PycharmProjects/sovrn/xgboost_orig/jvm-packages/CMakeFiles/CMakeTmp

Run Build Command(s):/usr/bin/make -f Makefile cmTC_02754/fast && /Library/Developer/CommandLineTools/usr/bin/make  -f CMakeFiles/cmTC_02754.dir/build.make CMakeFiles/cmTC_02754.dir/build
Building CXX object CMakeFiles/cmTC_02754.dir/CheckIncludeFile.cxx.o
/Library/Developer/CommandLineTools/usr/bin/c++   -isysroot /Library/Developer/CommandLineTools/SDKs/MacOSX11.1.sdk -MD -MT CMakeFiles/cmTC_02754.dir/CheckIncludeFile.cxx.o -MF CMakeFiles/cmTC_02754.dir/CheckIncludeFile.cxx.o.d -o CMakeFiles/cmTC_02754.dir/CheckIncludeFile.cxx.o -c /Users/centerco/PycharmProjects/sovrn/xgboost_orig/jvm-packages/CMakeFiles/CMakeTmp/CheckIncludeFile.cxx
Linking CXX executable cmTC_02754
/usr/local/Cellar/cmake/3.24.1/bin/cmake -E cmake_link_script CMakeFiles/cmTC_02754.dir/link.txt --verbose=1
/Library/Developer/CommandLineTools/usr/bin/c++  -isysroot /Library/Developer/CommandLineTools/SDKs/MacOSX11.1.sdk -Wl,-search_paths_first -Wl,-headerpad_max_install_names CMakeFiles/cmTC_02754.dir/CheckIncludeFile.cxx.o -o cmTC_02754 



Determining if the nanosleep exist passed with the following output:
Change Dir: /Users/centerco/PycharmProjects/sovrn/xgboost_orig/jvm-packages/CMakeFiles/CMakeTmp

Run Build Command(s):/usr/bin/make -f Makefile cmTC_c69f1/fast && /Library/Developer/CommandLineTools/usr/bin/make  -f CMakeFiles/cmTC_c69f1.dir/build.make CMakeFiles/cmTC_c69f1.dir/build
Building C object CMakeFiles/cmTC_c69f1.dir/CheckSymbolExists.c.o
/Library/Developer/CommandLineTools/usr/bin/cc   -isysroot /Library/Developer/CommandLineTools/SDKs/MacOSX11.1.sdk -MD -MT CMakeFiles/cmTC_c69f1.dir/CheckSymbolExists.c.o -MF CMakeFiles/cmTC_c69f1.dir/CheckSymbolExists.c.o.d -o CMakeFiles/cmTC_c69f1.dir/CheckSymbolExists.c.o -c /Users/centerco/PycharmProjects/sovrn/xgboost_orig/jvm-packages/CMakeFiles/CMakeTmp/CheckSymbolExists.c
Linking C executable cmTC_c69f1
/usr/local/Cellar/cmake/3.24.1/bin/cmake -E cmake_link_script CMakeFiles/cmTC_c69f1.dir/link.txt --verbose=1
/Library/Developer/CommandLineTools/usr/bin/cc  -isysroot /Library/Developer/CommandLineTools/SDKs/MacOSX11.1.sdk -Wl,-search_paths_first -Wl,-headerpad_max_install_names CMakeFiles/cmTC_c69f1.dir/CheckSymbolExists.c.o -o cmTC_c69f1 


File /Users/centerco/PycharmProjects/sovrn/xgboost_orig/jvm-packages/CMakeFiles/CMakeTmp/CheckSymbolExists.c:
/* */
#include <time.h>

int main(int argc, char** argv)
{
  (void)argv;
#ifndef nanosleep
  return ((int*)(&nanosleep))[argc];
#else
  (void)argc;
  return 0;
#endif
}
Determining if the backtrace exist passed with the following output:
Change Dir: /Users/centerco/PycharmProjects/sovrn/xgboost_orig/jvm-packages/CMakeFiles/CMakeTmp

Run Build Command(s):/usr/bin/make -f Makefile cmTC_8768e/fast && /Library/Developer/CommandLineTools/usr/bin/make  -f CMakeFiles/cmTC_8768e.dir/build.make CMakeFiles/cmTC_8768e.dir/build
Building C object CMakeFiles/cmTC_8768e.dir/CheckSymbolExists.c.o
/Library/Developer/CommandLineTools/usr/bin/cc   -isysroot /Library/Developer/CommandLineTools/SDKs/MacOSX11.1.sdk -MD -MT CMakeFiles/cmTC_8768e.dir/CheckSymbolExists.c.o -MF CMakeFiles/cmTC_8768e.dir/CheckSymbolExists.c.o.d -o CMakeFiles/cmTC_8768e.dir/CheckSymbolExists.c.o -c /Users/centerco/PycharmProjects/sovrn/xgboost_orig/jvm-packages/CMakeFiles/CMakeTmp/CheckSymbolExists.c
Linking C executable cmTC_8768e
/usr/local/Cellar/cmake/3.24.1/bin/cmake -E cmake_link_script CMakeFiles/cmTC_8768e.dir/link.txt --verbose=1
/Library/Developer/CommandLineTools/usr/bin/cc  -isysroot /Library/Developer/CommandLineTools/SDKs/MacOSX11.1.sdk -Wl,-search_paths_first -Wl,-headerpad_max_install_names CMakeFiles/cmTC_8768e.dir/CheckSymbolExists.c.o -o cmTC_8768e 


File /Users/centerco/PycharmProjects/sovrn/xgboost_orig/jvm-packages/CMakeFiles/CMakeTmp/CheckSymbolExists.c:
/* */
#include <execinfo.h>

int main(int argc, char** argv)
{
  (void)argv;
#ifndef backtrace
  return ((int*)(&backtrace))[argc];
#else
  (void)argc;
  return 0;
#endif
}
Performing C++ SOURCE FILE Test SUPPORT_MSSE2 succeeded with the following output:
Change Dir: /Users/centerco/PycharmProjects/sovrn/xgboost_orig/jvm-packages/CMakeFiles/CMakeTmp

Run Build Command(s):/usr/bin/make -f Makefile cmTC_ae120/fast && /Library/Developer/CommandLineTools/usr/bin/make  -f CMakeFiles/cmTC_ae120.dir/build.make CMakeFiles/cmTC_ae120.dir/build
Building CXX object CMakeFiles/cmTC_ae120.dir/src.cxx.o
/Library/Developer/CommandLineTools/usr/bin/c++ -DSUPPORT_MSSE2  -isysroot /Library/Developer/CommandLineTools/SDKs/MacOSX11.1.sdk -fPIE   -msse2 -std=c++11 -MD -MT CMakeFiles/cmTC_ae120.dir/src.cxx.o -MF CMakeFiles/cmTC_ae120.dir/src.cxx.o.d -o CMakeFiles/cmTC_ae120.dir/src.cxx.o -c /Users/centerco/PycharmProjects/sovrn/xgboost_orig/jvm-packages/CMakeFiles/CMakeTmp/src.cxx
Linking CXX executable cmTC_ae120
/usr/local/Cellar/cmake/3.24.1/bin/cmake -E cmake_link_script CMakeFiles/cmTC_ae120.dir/link.txt --verbose=1
/Library/Developer/CommandLineTools/usr/bin/c++  -isysroot /Library/Developer/CommandLineTools/SDKs/MacOSX11.1.sdk -Wl,-search_paths_first -Wl,-headerpad_max_install_names CMakeFiles/cmTC_ae120.dir/src.cxx.o -o cmTC_ae120 


Source file was:
int main() { return 0; }
